<?xml version="1.0" encoding="UTF-8"?>
<!-- Generated by org.testng.reporters.JUnitXMLReporter -->
<testsuite ignored="0" hostname="Susmita" failures="0" tests="6" name="Test" time="122.417" errors="0" timestamp="2025-01-02T18:46:15 IST">
  <testcase classname="pages.testBox.TestClass" name="visibilityOfAllElements" time="9.853"/>
  <testcase classname="pages.testBox.TestClass" name="testLogin" time="5.49"/>
  <testcase classname="pages.testBox.TestWorkSpace" name="testWorkspaceSelectPage" time="36.093"/>
  <testcase classname="pages.testBox.TestInbox" name="testCalender" time="24.411"/>
  <testcase classname="pages.testBox.TestInbox" name="testSearchFunctionality" time="16.609"/>
  <testcase classname="pages.testBox.TestInbox" name="testDeleteFunctionality" time="29.532"/>
</testsuite> <!-- Test -->
